<?xml version="1.0" encoding="UTF-8"?>
<testng-results ignored="0" total="1" passed="1" failed="0" skipped="0">
  <reporter-output>
  </reporter-output>
  <suite started-at="2023-04-01T15:29:34 IST" name="Default suite" finished-at="2023-04-01T15:29:34 IST" duration-ms="86">
    <groups>
    </groups>
    <test started-at="2023-04-01T15:29:34 IST" name="Default test" finished-at="2023-04-01T15:29:34 IST" duration-ms="86">
      <class name="practice.sample">
        <test-method signature="sample1()[pri:0, instance:practice.sample@6f27a732]" started-at="2023-04-01T15:29:34 IST" name="sample1" finished-at="2023-04-01T15:29:34 IST" duration-ms="14" status="PASS">
          <reporter-output>
          </reporter-output>
        </test-method> <!-- sample1 -->
      </class> <!-- practice.sample -->
    </test> <!-- Default test -->
  </suite> <!-- Default suite -->
</testng-results>
